02.06.2024 17:37:19   Ahmet Şentürk successfully logged into the system from the IP address 127.0.0.1.
02.06.2024 17:38:12   Ahmet Şentürk logged out of the system from the IP address 127.0.0.1.
02.06.2024 17:38:46   Ahmet Senturk submitted an employer registration form from the IP address 127.0.0.1.
02.06.2024 17:39:09   Ahmet Senturk successfully logged into the system from the IP address 127.0.0.1.
02.06.2024 17:39:56   Ahmet Senturk updated their company profile information from the IP address 127.0.0.1.
02.06.2024 17:41:43   Ahmet Senturk logged out of the system from the IP address 127.0.0.1.
02.06.2024 17:41:52   Admin successfully logged into the system from the IP address 127.0.0.1.
02.06.2024 17:41:57   Admin approved Test Limited Company company registration from the IP address 127.0.0.1.
02.06.2024 17:42:31   Admin logged out of the system from the IP address 127.0.0.1.
02.06.2024 17:42:36   Ahmet Senturk successfully logged into the system from the IP address 127.0.0.1.
02.06.2024 17:44:35   Ahmet Senturk requested to enter a job posting into the system from the IP address 127.0.0.1.
02.06.2024 17:45:45   Ahmet Senturk requested to enter a job posting into the system from the IP address 127.0.0.1.
02.06.2024 17:46:52   Ahmet Senturk requested to enter a job posting into the system from the IP address 127.0.0.1.
02.06.2024 17:47:12   Ahmet Senturk logged out of the system from the IP address 127.0.0.1.
02.06.2024 19:15:41   Berk Kaya successfully logged into the system from the IP address 127.0.0.1.
02.06.2024 19:18:46   Berk Kaya filled out the CV builder from the IP address 127.0.0.1.
02.06.2024 20:18:08   Berk Kaya edited their own CV from the IP address 127.0.0.1.
02.06.2024 20:19:20   Berk Kaya edited their own CV from the IP address 127.0.0.1.
02.06.2024 20:19:24   Berk Kaya edited their own CV from the IP address 127.0.0.1.
02.06.2024 20:26:10   Berk Kaya logged out of the system from the IP address 127.0.0.1.
02.06.2024 20:26:18   Ahmet Senturk successfully logged into the system from the IP address 127.0.0.1.
02.06.2024 20:40:01   Ahmet Senturk logged out of the system from the IP address 127.0.0.1.
02.06.2024 20:40:16   Berk Kaya successfully logged into the system from the IP address 127.0.0.1.
02.06.2024 20:40:21   Berk Kaya saved the job posting named Automotive Technician from the IP address 127.0.0.1.
02.06.2024 20:40:23   Berk Kaya logged out of the system from the IP address 127.0.0.1.
02.06.2024 20:40:27   Ahmet Senturk successfully logged into the system from the IP address 127.0.0.1.
02.06.2024 20:40:32   Ahmet Senturk logged out of the system from the IP address 127.0.0.1.
02.06.2024 20:40:43   Ahmet Şentürk successfully logged into the system from the IP address 127.0.0.1.
02.06.2024 20:52:53   Ahmet Şentürk logged out of the system from the IP address 127.0.0.1.
02.06.2024 20:53:06   Berk Kaya successfully logged into the system from the IP address 127.0.0.1.
02.06.2024 21:26:01   Berk Kaya logged out of the system from the IP address 127.0.0.1.
